npm verb cli /usr/local/bin/node /usr/local/bin/npm
npm info using npm@10.1.0
npm info using node@v20.9.0
npm verb title npm install
npm verb argv "install" "--legacy-peer-deps" "--loglevel" "verbose"
npm verb logfile logs-max:10 dir:/Users/praveenasokan/.npm/_logs/2024-06-17T19_57_44_740Z-
npm verb logfile /Users/praveenasokan/.npm/_logs/2024-06-17T19_57_44_740Z-debug-0.log
npm http fetch GET 200 https://registry.npmjs.org/@badeball%2fcypress-cucumber-preprocessor 6ms (cache hit)
npm http fetch GET 200 https://registry.npmjs.org/@bahmutov%2fcypress-esbuild-preprocessor 3ms (cache hit)
npm http fetch GET 200 https://registry.npmjs.org/browserstack-cypress-cli 2ms (cache hit)
npm http fetch GET 200 https://registry.npmjs.org/allure-commandline 3ms (cache hit)
npm http fetch GET 200 https://registry.npmjs.org/allure-cypress 3ms (cache hit)
npm http fetch GET 200 https://registry.npmjs.org/@percy%2fcypress 2ms (cache hit)
npm http fetch GET 200 https://registry.npmjs.org/cypress 2ms (cache hit)
npm http fetch GET 200 https://registry.npmjs.org/start-server-and-test 2ms (cache hit)
npm http fetch GET 200 https://registry.npmjs.org/node-hook 79ms (cache hit)
npm http fetch GET 200 https://registry.npmjs.org/debug 79ms (cache hit)
npm http fetch GET 200 https://registry.npmjs.org/uuid 81ms (cache hit)
npm http fetch GET 200 https://registry.npmjs.org/cli-table 80ms (cache hit)
npm http fetch GET 200 https://registry.npmjs.org/esbuild 81ms (cache hit)
npm http fetch GET 200 https://registry.npmjs.org/cosmiconfig 83ms (cache hit)
npm http fetch GET 200 https://registry.npmjs.org/base64-js 85ms (cache hit)
npm http fetch GET 200 https://registry.npmjs.org/resolve-pkg 84ms (cache hit)
npm http fetch GET 200 https://registry.npmjs.org/common-ancestor-path 82ms (cache hit)
npm http fetch GET 200 https://registry.npmjs.org/is-path-inside 85ms (cache hit)
npm http fetch GET 200 https://registry.npmjs.org/debug 82ms (cache hit)
npm http fetch GET 200 https://registry.npmjs.org/source-map 85ms (cache hit)
npm http fetch GET 200 https://registry.npmjs.org/module-alias 86ms (cache hit)
npm http fetch GET 200 https://registry.npmjs.org/@badeball%2fcypress-configuration 83ms (cache hit)
npm http fetch GET 200 https://registry.npmjs.org/error-stack-parser 85ms (cache hit)
npm http fetch GET 200 https://registry.npmjs.org/@cucumber%2fmessages 85ms (cache hit)
npm http fetch GET 200 https://registry.npmjs.org/@cucumber%2fhtml-formatter 85ms (cache hit)
npm http fetch GET 200 https://registry.npmjs.org/@cucumber%2fgherkin 88ms (cache hit)
npm http fetch GET 200 https://registry.npmjs.org/@cucumber%2fmessage-streams 86ms (cache hit)
npm http fetch GET 200 https://registry.npmjs.org/chalk 82ms (cache hit)
npm http fetch GET 200 https://registry.npmjs.org/archiver 84ms (cache hit)
npm http fetch GET 200 https://registry.npmjs.org/async 84ms (cache hit)
npm http fetch GET 200 https://registry.npmjs.org/@percy%2fsdk-utils 86ms (cache hit)
npm http fetch GET 200 https://registry.npmjs.org/browserstack-local 84ms (cache hit)
npm http fetch GET 200 https://registry.npmjs.org/cli-progress 85ms (cache hit)
npm http fetch GET 200 https://registry.npmjs.org/allure-js-commons 86ms (cache hit)
npm http fetch GET 200 https://registry.npmjs.org/gitconfiglocal 85ms (cache hit)
npm http fetch GET 200 https://registry.npmjs.org/@cucumber%2fcucumber-expressions 90ms (cache hit)
npm http fetch GET 200 https://registry.npmjs.org/uuid 85ms (cache hit)
npm http fetch GET 200 https://registry.npmjs.org/glob 86ms (cache hit)
npm http fetch GET 200 https://registry.npmjs.org/getmac 89ms (cache hit)
npm http fetch GET 200 https://registry.npmjs.org/fs-extra 90ms (cache hit)
npm http fetch GET 200 https://registry.npmjs.org/request 87ms (cache hit)
npm http fetch GET 200 https://registry.npmjs.org/chalk 85ms (cache hit)
npm http fetch GET 200 https://registry.npmjs.org/git-repo-info 90ms (cache hit)
npm http fetch GET 200 https://registry.npmjs.org/git-last-commit 92ms (cache hit)
npm http fetch GET 200 https://registry.npmjs.org/node-ipc 89ms (cache hit)
npm http fetch GET 200 https://registry.npmjs.org/update-notifier 89ms (cache hit)
npm http fetch GET 200 https://registry.npmjs.org/windows-release 88ms (cache hit)
npm http fetch GET 200 https://registry.npmjs.org/debug 86ms (cache hit)
npm http fetch GET 200 https://registry.npmjs.org/mkdirp 91ms (cache hit)
npm http fetch GET 200 https://registry.npmjs.org/mocha 92ms (cache hit)
npm http fetch GET 200 https://registry.npmjs.org/requestretry 93ms (cache hit)
npm http fetch GET 200 https://registry.npmjs.org/winston 92ms (cache hit)
npm http fetch GET 200 https://registry.npmjs.org/table 94ms (cache hit)
npm http fetch GET 200 https://registry.npmjs.org/decompress 92ms (cache hit)
npm http fetch GET 200 https://registry.npmjs.org/tmp 92ms (cache hit)
npm http fetch GET 200 https://registry.npmjs.org/yauzl 91ms (cache hit)
npm http fetch GET 200 https://registry.npmjs.org/buffer 90ms (cache hit)
npm http fetch GET 200 https://registry.npmjs.org/yargs 95ms (cache hit)
npm http fetch GET 200 https://registry.npmjs.org/dayjs 94ms (cache hit)
npm http fetch GET 200 https://registry.npmjs.org/semver 93ms (cache hit)
npm http fetch GET 200 https://registry.npmjs.org/fs-extra 92ms (cache hit)
npm http fetch GET 200 https://registry.npmjs.org/listr2 94ms (cache hit)
npm http fetch GET 200 https://registry.npmjs.org/arch 99ms (cache hit)
npm http fetch GET 200 https://registry.npmjs.org/getos 98ms (cache hit)
npm http fetch GET 200 https://registry.npmjs.org/execa 99ms (cache hit)
npm http fetch GET 200 https://registry.npmjs.org/figures 98ms (cache hit)
npm http fetch GET 200 https://registry.npmjs.org/lodash 98ms (cache hit)
npm http fetch GET 200 https://registry.npmjs.org/ospath 99ms (cache hit)
npm http fetch GET 200 https://registry.npmjs.org/chalk 114ms (cache hit)
npm http fetch GET 200 https://registry.npmjs.org/bluebird 99ms (cache hit)
npm http fetch GET 200 https://registry.npmjs.org/is-ci 102ms (cache hit)
npm http fetch GET 200 https://registry.npmjs.org/lazy-ass 99ms (cache hit)
npm http fetch GET 200 https://registry.npmjs.org/process 100ms (cache hit)
npm http fetch GET 200 https://registry.npmjs.org/minimist 99ms (cache hit)
npm http fetch GET 200 https://registry.npmjs.org/blob-util 99ms (cache hit)
npm http fetch GET 200 https://registry.npmjs.org/commander 100ms (cache hit)
npm http fetch GET 200 https://registry.npmjs.org/cli-table3 101ms (cache hit)
npm http fetch GET 200 https://registry.npmjs.org/common-tags 101ms (cache hit)
npm http fetch GET 200 https://registry.npmjs.org/cli-cursor 101ms (cache hit)
npm http fetch GET 200 https://registry.npmjs.org/cachedir 103ms (cache hit)
npm http fetch GET 200 https://registry.npmjs.org/untildify 103ms (cache hit)
npm http fetch GET 200 https://registry.npmjs.org/extract-zip 101ms (cache hit)
npm http fetch GET 200 https://registry.npmjs.org/executable 102ms (cache hit)
npm http fetch GET 200 https://registry.npmjs.org/@cypress%2frequest 100ms (cache hit)
npm http fetch GET 200 https://registry.npmjs.org/@cypress%2fxvfb 101ms (cache hit)
npm http fetch GET 200 https://registry.npmjs.org/pretty-bytes 101ms (cache hit)
npm http fetch GET 200 https://registry.npmjs.org/debug 98ms (cache hit)
npm http fetch GET 200 https://registry.npmjs.org/log-symbols 102ms (cache hit)
npm http fetch GET 200 https://registry.npmjs.org/@types%2fnode 104ms (cache hit)
npm http fetch GET 200 https://registry.npmjs.org/bluebird 106ms (cache hit)
npm http fetch GET 200 https://registry.npmjs.org/supports-color 110ms (cache hit)
npm http fetch GET 200 https://registry.npmjs.org/proxy-from-env 111ms (cache hit)
npm http fetch GET 200 https://registry.npmjs.org/execa 108ms (cache hit)
npm http fetch GET 200 https://registry.npmjs.org/check-more-types 111ms (cache hit)
npm http fetch GET 200 https://registry.npmjs.org/check-more-types 108ms (cache hit)
npm http fetch GET 200 https://registry.npmjs.org/request-progress 111ms (cache hit)
npm http fetch GET 200 https://registry.npmjs.org/eventemitter2 113ms (cache hit)
npm http fetch GET 200 https://registry.npmjs.org/wait-on 110ms (cache hit)
npm http fetch GET 200 https://registry.npmjs.org/@types%2fsinonjs__fake-timers 112ms (cache hit)
npm http fetch GET 200 https://registry.npmjs.org/lazy-ass 109ms (cache hit)
npm http fetch GET 200 https://registry.npmjs.org/is-installed-globally 113ms (cache hit)
npm http fetch GET 200 https://registry.npmjs.org/enquirer 118ms (cache hit)
npm http fetch GET 200 https://registry.npmjs.org/@types%2fsizzle 115ms (cache hit)
npm http fetch GET 200 https://registry.npmjs.org/glob 135ms (cache hit)
npm http fetch GET 200 https://registry.npmjs.org/arg 116ms (cache hit)
npm http fetch GET 200 https://registry.npmjs.org/ps-tree 115ms (cache hit)
npm http fetch GET 200 https://registry.npmjs.org/@cucumber%2ftag-expressions 135ms (cache hit)
npm http fetch GET 200 https://registry.npmjs.org/reflect-metadata 41ms (cache hit)
npm http fetch GET 200 https://registry.npmjs.org/import-fresh 39ms (cache hit)
npm http fetch GET 200 https://registry.npmjs.org/@types%2fuuid 43ms (cache hit)
npm http fetch GET 200 https://registry.npmjs.org/regexp-match-indices 44ms (cache hit)
npm http fetch GET 200 https://registry.npmjs.org/parse-json 40ms (cache hit)
npm http fetch GET 200 https://registry.npmjs.org/colors 41ms (cache hit)
npm http fetch GET 200 https://registry.npmjs.org/ms 40ms (cache hit)
npm http fetch GET 200 https://registry.npmjs.org/@types%2fparse-json 41ms (cache hit)
npm http fetch GET 200 https://registry.npmjs.org/path-type 41ms (cache hit)
npm http fetch GET 200 https://registry.npmjs.org/@babel%2fparser 46ms (cache hit)
npm http fetch GET 200 https://registry.npmjs.org/class-transformer 44ms (cache hit)
npm http fetch GET 200 https://registry.npmjs.org/@esbuild%2flinux-arm 41ms (cache hit)
npm http fetch GET 200 https://registry.npmjs.org/@esbuild%2fdarwin-x64 41ms (cache hit)
npm http fetch GET 200 https://registry.npmjs.org/@esbuild%2flinux-x64 41ms (cache hit)
npm http fetch GET 200 https://registry.npmjs.org/yaml 44ms (cache hit)
npm http fetch GET 200 https://registry.npmjs.org/@esbuild%2fnetbsd-x64 42ms (cache hit)
npm http fetch GET 200 https://registry.npmjs.org/@esbuild%2flinux-s390x 40ms (cache hit)
npm http fetch GET 200 https://registry.npmjs.org/@esbuild%2fsunos-x64 43ms (cache hit)
npm http fetch GET 200 https://registry.npmjs.org/@esbuild%2flinux-ppc64 41ms (cache hit)
npm http fetch GET 200 https://registry.npmjs.org/minimatch 50ms (cache hit)
npm http fetch GET 200 https://registry.npmjs.org/@esbuild%2ffreebsd-x64 44ms (cache hit)
npm http fetch GET 200 https://registry.npmjs.org/@esbuild%2flinux-arm64 42ms (cache hit)
npm http fetch GET 200 https://registry.npmjs.org/@esbuild%2fandroid-x64 44ms (cache hit)
npm http fetch GET 200 https://registry.npmjs.org/@esbuild%2fwin32-arm64 43ms (cache hit)
npm http fetch GET 200 https://registry.npmjs.org/minimatch 41ms (cache hit)
npm http fetch GET 200 https://registry.npmjs.org/@esbuild%2fwin32-ia32 46ms (cache hit)
npm http fetch GET 200 https://registry.npmjs.org/@esbuild%2fopenbsd-x64 44ms (cache hit)
npm http fetch GET 200 https://registry.npmjs.org/@esbuild%2fdarwin-arm64 43ms (cache hit)
npm http fetch GET 200 https://registry.npmjs.org/@esbuild%2fandroid-arm 47ms (cache hit)
npm http fetch GET 200 https://registry.npmjs.org/@esbuild%2flinux-mips64el 44ms (cache hit)
npm http fetch GET 200 https://registry.npmjs.org/@esbuild%2ffreebsd-arm64 45ms (cache hit)
npm http fetch GET 200 https://registry.npmjs.org/@esbuild%2fandroid-arm64 45ms (cache hit)
npm http fetch GET 200 https://registry.npmjs.org/@esbuild%2flinux-riscv64 45ms (cache hit)
npm http fetch GET 200 https://registry.npmjs.org/ansi-styles 53ms (cache hit)
npm http fetch GET 200 https://registry.npmjs.org/@esbuild%2flinux-ia32 49ms (cache hit)
npm http fetch GET 200 https://registry.npmjs.org/@esbuild%2fwin32-x64 50ms (cache hit)
npm http fetch GET 200 https://registry.npmjs.org/fs.realpath 45ms (cache hit)
npm http fetch GET 200 https://registry.npmjs.org/@esbuild%2flinux-loong64 47ms (cache hit)
npm http fetch GET 200 https://registry.npmjs.org/stackframe 52ms (cache hit)
npm http fetch GET 200 https://registry.npmjs.org/path-scurry 46ms (cache hit)
npm http fetch GET 200 https://registry.npmjs.org/minipass 47ms (cache hit)
npm http fetch GET 200 https://registry.npmjs.org/resolve-from 46ms (cache hit)
npm http fetch GET 200 https://registry.npmjs.org/esbuild-linux-32 19ms (cache hit)
npm http fetch GET 200 https://registry.npmjs.org/esbuild-sunos-64 20ms (cache hit)
npm http fetch GET 200 https://registry.npmjs.org/esbuild-netbsd-64 20ms (cache hit)
npm http fetch GET 200 https://registry.npmjs.org/esbuild-openbsd-64 20ms (cache hit)
npm http fetch GET 200 https://registry.npmjs.org/esbuild-darwin-64 22ms (cache hit)
npm http fetch GET 200 https://registry.npmjs.org/esbuild-darwin-arm64 23ms (cache hit)
npm http fetch GET 200 https://registry.npmjs.org/esbuild-windows-32 24ms (cache hit)
npm http fetch GET 200 https://registry.npmjs.org/esbuild-linux-arm64 25ms (cache hit)
npm http fetch GET 200 https://registry.npmjs.org/esbuild-windows-64 27ms (cache hit)
npm http fetch GET 200 https://registry.npmjs.org/esbuild-freebsd-arm64 28ms (cache hit)
npm http fetch GET 200 https://registry.npmjs.org/esbuild-linux-s390x 30ms (cache hit)
npm http fetch GET 200 https://registry.npmjs.org/esbuild-linux-riscv64 30ms (cache hit)
npm http fetch GET 200 https://registry.npmjs.org/esbuild-android-arm64 30ms (cache hit)
npm http fetch GET 200 https://registry.npmjs.org/esbuild-linux-ppc64le 31ms (cache hit)
npm http fetch GET 200 https://registry.npmjs.org/esbuild-freebsd-64 35ms (cache hit)
npm http fetch GET 200 https://registry.npmjs.org/esbuild-linux-64 39ms (cache hit)
npm http fetch GET 200 https://registry.npmjs.org/esbuild-android-64 40ms (cache hit)
npm http fetch GET 200 https://registry.npmjs.org/esbuild-linux-arm 40ms (cache hit)
npm http fetch GET 200 https://registry.npmjs.org/esbuild-windows-arm64 39ms (cache hit)
npm http fetch GET 200 https://registry.npmjs.org/inflight 39ms (cache hit)
npm http fetch GET 200 https://registry.npmjs.org/esbuild-linux-mips64le 40ms (cache hit)
npm http fetch GET 200 https://registry.npmjs.org/path-is-absolute 39ms (cache hit)
npm http fetch GET 200 https://registry.npmjs.org/once 39ms (cache hit)
npm http fetch GET 200 https://registry.npmjs.org/inherits 40ms (cache hit)
npm http fetch GET 200 https://registry.npmjs.org/brace-expansion 40ms (cache hit)
npm http fetch GET 200 https://registry.npmjs.org/regexp-tree 3ms (cache hit)
npm http fetch GET 200 https://registry.npmjs.org/md5 3ms (cache hit)
npm http fetch GET 200 https://registry.npmjs.org/strip-ansi 3ms (cache hit)
npm http fetch GET 200 https://registry.npmjs.org/properties 4ms (cache hit)
npm http fetch GET 200 https://registry.npmjs.org/is-buffer 3ms (cache hit)
npm http fetch GET 200 https://registry.npmjs.org/charenc 4ms (cache hit)
npm http fetch GET 200 https://registry.npmjs.org/crypt 4ms (cache hit)
npm http fetch GET 200 https://registry.npmjs.org/ansi-regex 3ms (cache hit)
npm http fetch GET 200 https://registry.npmjs.org/tar-stream 77ms (cache hit)
npm http fetch GET 200 https://registry.npmjs.org/https-proxy-agent 76ms (cache hit)
npm http fetch GET 200 https://registry.npmjs.org/readable-stream 78ms (cache hit)
npm http fetch GET 200 https://registry.npmjs.org/archiver-utils 79ms (cache hit)
npm http fetch GET 200 https://registry.npmjs.org/buffer-crc32 79ms (cache hit)
npm http fetch GET 200 https://registry.npmjs.org/decompress-tar 76ms (cache hit)
npm http fetch GET 200 https://registry.npmjs.org/is-running 78ms (cache hit)
npm http fetch GET 200 https://registry.npmjs.org/decompress-targz 75ms (cache hit)
npm http fetch GET 200 https://registry.npmjs.org/chokidar 71ms (cache hit)
npm http fetch GET 200 https://registry.npmjs.org/universalify 75ms (cache hit)
npm http fetch GET 200 https://registry.npmjs.org/string-width 77ms (cache hit)
npm http fetch GET 200 https://registry.npmjs.org/ini 74ms (cache hit)
npm http fetch GET 200 https://registry.npmjs.org/strip-dirs 76ms (cache hit)
npm http fetch GET 200 https://registry.npmjs.org/decompress-unzip 76ms (cache hit)
npm http fetch GET 200 https://registry.npmjs.org/ansi-colors 72ms (cache hit)
npm http fetch GET 200 https://registry.npmjs.org/escape-string-regexp 73ms (cache hit)
npm http fetch GET 200 https://registry.npmjs.org/browser-stdout 73ms (cache hit)
npm http fetch GET 200 https://registry.npmjs.org/zip-stream 81ms (cache hit)
npm http fetch GET 200 https://registry.npmjs.org/he 72ms (cache hit)
npm http fetch GET 200 https://registry.npmjs.org/pify 77ms (cache hit)
npm http fetch GET 200 https://registry.npmjs.org/graceful-fs 78ms (cache hit)
npm http fetch GET 200 https://registry.npmjs.org/graceful-fs 77ms (cache hit)
npm http fetch GET 200 https://registry.npmjs.org/temp-fs 81ms (cache hit)
npm http fetch GET 200 https://registry.npmjs.org/js-yaml 73ms (cache hit)
npm http fetch GET 200 https://registry.npmjs.org/find-up 73ms (cache hit)
npm http fetch GET 200 https://registry.npmjs.org/jsonfile 78ms (cache hit)
npm http fetch GET 200 https://registry.npmjs.org/caseless 67ms (cache hit)
npm http fetch GET 200 https://registry.npmjs.org/diff 75ms (cache hit)
npm http fetch GET 200 https://registry.npmjs.org/decompress-tarbz2 80ms (cache hit)
npm http fetch GET 200 https://registry.npmjs.org/forever-agent 67ms (cache hit)
npm http fetch GET 200 https://registry.npmjs.org/js-queue 70ms (cache hit)
npm http fetch GET 200 https://registry.npmjs.org/serialize-javascript 75ms (cache hit)
npm http fetch GET 200 https://registry.npmjs.org/form-data 68ms (cache hit)
npm http fetch GET 200 https://registry.npmjs.org/aws-sign2 69ms (cache hit)
npm http fetch GET 200 https://registry.npmjs.org/combined-stream 68ms (cache hit)
npm http fetch GET 200 https://registry.npmjs.org/yargs-unparser 74ms (cache hit)
npm http fetch GET 200 https://registry.npmjs.org/extend 68ms (cache hit)
npm http fetch GET 200 https://registry.npmjs.org/event-pubsub 73ms (cache hit)
npm http fetch GET 200 https://registry.npmjs.org/is-typedarray 68ms (cache hit)
npm http fetch GET 200 https://registry.npmjs.org/workerpool 75ms (cache hit)
npm http fetch GET 200 https://registry.npmjs.org/har-validator 68ms (cache hit)
npm http fetch GET 200 https://registry.npmjs.org/extend 66ms (cache hit)
npm http fetch GET 200 https://registry.npmjs.org/aws4 69ms (cache hit)
npm http fetch GET 200 https://registry.npmjs.org/js-message 75ms (cache hit)
npm http fetch GET 200 https://registry.npmjs.org/strip-json-comments 77ms (cache hit)
npm http fetch GET 200 https://registry.npmjs.org/mime-types 69ms (cache hit)
npm http fetch GET 200 https://registry.npmjs.org/string-width 66ms (cache hit)
npm http fetch GET 200 https://registry.npmjs.org/tough-cookie 68ms (cache hit)
npm http fetch GET 200 https://registry.npmjs.org/boxen 68ms (cache hit)
npm http fetch GET 200 https://registry.npmjs.org/agent-base 87ms (cache hit)
npm http fetch GET 200 https://registry.npmjs.org/performance-now 71ms (cache hit)
npm http fetch GET 200 https://registry.npmjs.org/oauth-sign 71ms (cache hit)
npm http fetch GET 200 https://registry.npmjs.org/safe-buffer 71ms (cache hit)
npm http fetch GET 200 https://registry.npmjs.org/http-signature 72ms (cache hit)
npm http fetch GET 200 https://registry.npmjs.org/slice-ansi 69ms (cache hit)
npm http fetch GET 200 https://registry.npmjs.org/latest-version 68ms (cache hit)
npm http fetch GET 200 https://registry.npmjs.org/tunnel-agent 70ms (cache hit)
npm http fetch GET 200 https://registry.npmjs.org/qs 72ms (cache hit)
npm http fetch GET 200 https://registry.npmjs.org/yargs-parser 80ms (cache hit)
npm http fetch GET 200 https://registry.npmjs.org/make-dir 87ms (cache hit)
npm http fetch GET 200 https://registry.npmjs.org/is-yarn-global 70ms (cache hit)
npm http fetch GET 200 https://registry.npmjs.org/is-npm 70ms (cache hit)
npm http fetch GET 200 https://registry.npmjs.org/ajv 72ms (cache hit)
npm http fetch GET 200 https://registry.npmjs.org/isstream 69ms (cache hit)
npm http fetch GET 200 https://registry.npmjs.org/json-stringify-safe 77ms (cache hit)
npm http fetch GET 200 https://registry.npmjs.org/pupa 72ms (cache hit)
npm http fetch GET 200 https://registry.npmjs.org/eyes 70ms (cache hit)
npm http fetch GET 200 https://registry.npmjs.org/cycle 70ms (cache hit)
npm http fetch GET 200 https://registry.npmjs.org/xdg-basedir 71ms (cache hit)
npm http fetch GET 200 https://registry.npmjs.org/configstore 74ms (cache hit)
npm http fetch GET 200 https://registry.npmjs.org/isstream 77ms (cache hit)
npm http fetch GET 200 https://registry.npmjs.org/cliui 70ms (cache hit)
npm http fetch GET 200 https://registry.npmjs.org/require-main-filename 69ms (cache hit)
npm http fetch GET 200 https://registry.npmjs.org/import-lazy 74ms (cache hit)
npm http fetch GET 200 https://registry.npmjs.org/get-caller-file 70ms (cache hit)
npm http fetch GET 200 https://registry.npmjs.org/decamelize 70ms (cache hit)
npm http fetch GET 200 https://registry.npmjs.org/which-module 69ms (cache hit)
npm http fetch GET 200 https://registry.npmjs.org/find-up 70ms (cache hit)
npm http fetch GET 200 https://registry.npmjs.org/semver-diff 73ms (cache hit)
npm http fetch GET 200 https://registry.npmjs.org/require-directory 70ms (cache hit)
npm http fetch GET 200 https://registry.npmjs.org/stack-trace 72ms (cache hit)
npm http fetch GET 200 https://registry.npmjs.org/readdir-glob 97ms (cache hit)
npm http fetch GET 200 https://registry.npmjs.org/yargs-parser 70ms (cache hit)
npm http fetch GET 200 https://registry.npmjs.org/has-yarn 76ms (cache hit)
npm http fetch GET 200 https://registry.npmjs.org/set-blocking 71ms (cache hit)
npm http fetch GET 200 https://registry.npmjs.org/y18n 71ms (cache hit)
npm http fetch GET 200 https://registry.npmjs.org/lodash.defaults 12ms (cache hit)
npm http fetch GET 200 https://registry.npmjs.org/normalize-path 11ms (cache hit)
npm http fetch GET 200 https://registry.npmjs.org/lodash.difference 11ms (cache hit)
npm http fetch GET 200 https://registry.npmjs.org/lodash.isplainobject 11ms (cache hit)
npm http fetch GET 200 https://registry.npmjs.org/string_decoder 10ms (cache hit)
npm http fetch GET 200 https://registry.npmjs.org/lodash.flatten 11ms (cache hit)
npm http fetch GET 200 https://registry.npmjs.org/lodash.union 12ms (cache hit)
npm http fetch GET 200 https://registry.npmjs.org/lazystream 13ms (cache hit)
npm http fetch GET 200 https://registry.npmjs.org/fs-constants 10ms (cache hit)
npm http fetch GET 200 https://registry.npmjs.org/util-deprecate 11ms (cache hit)
npm http fetch GET 200 https://registry.npmjs.org/bl 10ms (cache hit)
npm http fetch GET 200 https://registry.npmjs.org/end-of-stream 11ms (cache hit)
npm http fetch GET 200 https://registry.npmjs.org/compress-commons 10ms (cache hit)
npm http fetch GET 200 https://registry.npmjs.org/core-util-is 4ms (cache hit)
npm http fetch GET 200 https://registry.npmjs.org/process-nextick-args 4ms (cache hit)
npm http fetch GET 200 https://registry.npmjs.org/isarray 5ms (cache hit)
npm http fetch GET 200 https://registry.npmjs.org/event-stream 2ms (cache hit)
npm http fetch GET 200 https://registry.npmjs.org/rimraf 3ms (cache hit)
npm http fetch GET 200 https://registry.npmjs.org/has-flag 2ms (cache hit)
npm http fetch GET 200 https://registry.npmjs.org/color-convert 2ms (cache hit)
npm http fetch GET 200 https://registry.npmjs.org/color-name 1ms (cache hit)
npm http fetch GET 200 https://registry.npmjs.org/is-fullwidth-code-point 1ms (cache hit)
npm http fetch GET 200 https://registry.npmjs.org/emoji-regex 3ms (cache hit)
npm http fetch GET 200 https://registry.npmjs.org/@babel%2fcode-frame 5ms (cache hit)
npm http fetch GET 200 https://registry.npmjs.org/lines-and-columns 5ms (cache hit)
npm http fetch GET 200 https://registry.npmjs.org/error-ex 6ms (cache hit)
npm http fetch GET 200 https://registry.npmjs.org/parent-module 7ms (cache hit)
npm http fetch GET 200 https://registry.npmjs.org/json-parse-even-better-errors 6ms (cache hit)
npm http fetch GET 200 https://registry.npmjs.org/@colors%2fcolors 30ms (cache hit)
npm http fetch GET 200 https://registry.npmjs.org/cross-spawn 28ms (cache hit)
npm http fetch GET 200 https://registry.npmjs.org/get-stream 28ms (cache hit)
npm http fetch GET 200 https://registry.npmjs.org/is-stream 29ms (cache hit)
npm http fetch GET 200 https://registry.npmjs.org/global-dirs 24ms (cache hit)
npm http fetch GET 200 https://registry.npmjs.org/signal-exit 29ms (cache hit)
npm http fetch GET 200 https://registry.npmjs.org/human-signals 27ms (cache hit)
npm http fetch GET 200 https://registry.npmjs.org/merge-stream 27ms (cache hit)
npm http fetch GET 200 https://registry.npmjs.org/ieee754 33ms (cache hit)
npm http fetch GET 200 https://registry.npmjs.org/restore-cursor 32ms (cache hit)
npm http fetch GET 200 https://registry.npmjs.org/@types%2fyauzl 27ms (cache hit)
npm http fetch GET 200 https://registry.npmjs.org/get-stream 27ms (cache hit)
npm http fetch GET 200 https://registry.npmjs.org/ci-info 25ms (cache hit)
npm http fetch GET 200 https://registry.npmjs.org/cli-truncate 25ms (cache hit)
npm http fetch GET 200 https://registry.npmjs.org/strip-final-newline 28ms (cache hit)
npm http fetch GET 200 https://registry.npmjs.org/through 25ms (cache hit)
npm http fetch GET 200 https://registry.npmjs.org/npm-run-path 29ms (cache hit)
npm http fetch GET 200 https://registry.npmjs.org/wrap-ansi 24ms (cache hit)
npm http fetch GET 200 https://registry.npmjs.org/rxjs 25ms (cache hit)
npm http fetch GET 200 https://registry.npmjs.org/colorette 27ms (cache hit)
npm http fetch GET 200 https://registry.npmjs.org/p-map 28ms (cache hit)
npm http fetch GET 200 https://registry.npmjs.org/at-least-node 30ms (cache hit)
npm http fetch GET 200 https://registry.npmjs.org/log-update 28ms (cache hit)
npm http fetch GET 200 https://registry.npmjs.org/rfdc 28ms (cache hit)
npm http fetch GET 200 https://registry.npmjs.org/fd-slicer 24ms (cache hit)
npm http fetch GET 200 https://registry.npmjs.org/lodash.once 38ms (cache hit)
npm http fetch GET 200 https://registry.npmjs.org/throttleit 26ms (cache hit)
npm http fetch GET 200 https://registry.npmjs.org/is-unicode-supported 27ms (cache hit)
npm http fetch GET 200 https://registry.npmjs.org/onetime 35ms (cache hit)
npm http fetch GET 200 https://registry.npmjs.org/assert-plus 9ms (cache hit)
npm http fetch GET 200 https://registry.npmjs.org/asynckit 10ms (cache hit)
npm http fetch GET 200 https://registry.npmjs.org/mime-db 7ms (cache hit)
npm http fetch GET 200 https://registry.npmjs.org/delayed-stream 12ms (cache hit)
npm http fetch GET 200 https://registry.npmjs.org/jsprim 9ms (cache hit)
npm http fetch GET 200 https://registry.npmjs.org/side-channel 7ms (cache hit)
npm http fetch GET 200 https://registry.npmjs.org/psl 7ms (cache hit)
npm http fetch GET 200 https://registry.npmjs.org/sshpk 10ms (cache hit)
npm http fetch GET 200 https://registry.npmjs.org/url-parse 7ms (cache hit)
npm http fetch GET 200 https://registry.npmjs.org/punycode 9ms (cache hit)
npm http fetch GET 200 https://registry.npmjs.org/file-type 4ms (cache hit)
npm http fetch GET 200 https://registry.npmjs.org/seek-bzip 6ms (cache hit)
npm http fetch GET 200 https://registry.npmjs.org/file-type 7ms (cache hit)
npm http fetch GET 200 https://registry.npmjs.org/file-type 9ms (cache hit)
npm http fetch GET 200 https://registry.npmjs.org/is-natural-number 7ms (cache hit)
npm http fetch GET 200 https://registry.npmjs.org/unbzip2-stream 9ms (cache hit)
npm http fetch GET 200 https://registry.npmjs.org/buffer-alloc 3ms (cache hit)
npm http fetch GET 200 https://registry.npmjs.org/to-buffer 3ms (cache hit)
npm http fetch GET 200 https://registry.npmjs.org/xtend 2ms (cache hit)
npm http fetch GET 200 https://registry.npmjs.org/pinkie-promise 2ms (cache hit)
npm http fetch GET 200 https://registry.npmjs.org/object-assign 2ms (cache hit)
npm http fetch GET 200 https://registry.npmjs.org/shebang-command 5ms (cache hit)
npm http fetch GET 200 https://registry.npmjs.org/path-key 6ms (cache hit)
npm http fetch GET 200 https://registry.npmjs.org/path-key 4ms (cache hit)
npm http fetch GET 200 https://registry.npmjs.org/which 6ms (cache hit)
npm http fetch GET 200 https://registry.npmjs.org/pump 6ms (cache hit)
npm http fetch GET 200 https://registry.npmjs.org/mimic-fn 4ms (cache hit)
npm http fetch GET 200 https://registry.npmjs.org/shebang-regex 3ms (cache hit)
npm http fetch GET 200 https://registry.npmjs.org/isexe 2ms (cache hit)
npm http fetch GET 200 https://registry.npmjs.org/pinkie 2ms (cache hit)
npm http fetch GET 200 https://registry.npmjs.org/lru-cache 2ms (cache hit)
npm http fetch GET 200 https://registry.npmjs.org/json-schema 7ms (cache hit)
npm http fetch GET 200 https://registry.npmjs.org/asn1 6ms (cache hit)
npm http fetch GET 200 https://registry.npmjs.org/extsprintf 7ms (cache hit)
npm http fetch GET 200 https://registry.npmjs.org/getpass 7ms (cache hit)
npm http fetch GET 200 https://registry.npmjs.org/safer-buffer 7ms (cache hit)
npm http fetch GET 200 https://registry.npmjs.org/dashdash 7ms (cache hit)
npm http fetch GET 200 https://registry.npmjs.org/verror 8ms (cache hit)
npm http fetch GET 200 https://registry.npmjs.org/jsbn 7ms (cache hit)
npm http fetch GET 200 https://registry.npmjs.org/tweetnacl 7ms (cache hit)
npm http fetch GET 200 https://registry.npmjs.org/ecc-jsbn 7ms (cache hit)
npm http fetch GET 200 https://registry.npmjs.org/bcrypt-pbkdf 7ms (cache hit)
npm http fetch GET 200 https://registry.npmjs.org/callsites 2ms (cache hit)
npm http fetch GET 200 https://registry.npmjs.org/ansi-escapes 4ms (cache hit)
npm http fetch GET 200 https://registry.npmjs.org/aggregate-error 3ms (cache hit)
npm http fetch GET 200 https://registry.npmjs.org/tslib 3ms (cache hit)
npm http fetch GET 200 https://registry.npmjs.org/astral-regex 3ms (cache hit)
npm http fetch GET 200 https://registry.npmjs.org/type-fest 2ms (cache hit)
npm http fetch GET 200 https://registry.npmjs.org/balanced-match 2ms (cache hit)
npm http fetch GET 200 https://registry.npmjs.org/concat-map 2ms (cache hit)
npm http fetch GET 200 https://registry.npmjs.org/is-binary-path 12ms (cache hit)
npm http fetch GET 200 https://registry.npmjs.org/fsevents 12ms (cache hit)
npm http fetch GET 200 https://registry.npmjs.org/readdirp 12ms (cache hit)
npm http fetch GET 200 https://registry.npmjs.org/anymatch 14ms (cache hit)
npm http fetch GET 200 https://registry.npmjs.org/argparse 11ms (cache hit)
npm http fetch GET 200 https://registry.npmjs.org/path-exists 12ms (cache hit)
npm http fetch GET 200 https://registry.npmjs.org/braces 14ms (cache hit)
npm http fetch GET 200 https://registry.npmjs.org/glob-parent 14ms (cache hit)
npm http fetch GET 200 https://registry.npmjs.org/is-glob 15ms (cache hit)
npm http fetch GET 200 https://registry.npmjs.org/randombytes 11ms (cache hit)
npm http fetch GET 200 https://registry.npmjs.org/locate-path 13ms (cache hit)
npm http fetch GET 200 https://registry.npmjs.org/escalade 11ms (cache hit)
npm http fetch GET 200 https://registry.npmjs.org/flat 11ms (cache hit)
npm http fetch GET 200 https://registry.npmjs.org/camelcase 12ms (cache hit)
npm http fetch GET 200 https://registry.npmjs.org/is-plain-obj 11ms (cache hit)
npm http fetch GET 200 https://registry.npmjs.org/picomatch 5ms (cache hit)
npm http fetch GET 200 https://registry.npmjs.org/fill-range 5ms (cache hit)
npm http fetch GET 200 https://registry.npmjs.org/binary-extensions 4ms (cache hit)
npm http fetch GET 200 https://registry.npmjs.org/picomatch 4ms (cache hit)
npm http fetch GET 200 https://registry.npmjs.org/is-extglob 5ms (cache hit)
npm http fetch GET 200 https://registry.npmjs.org/to-regex-range 2ms (cache hit)
npm http fetch GET 200 https://registry.npmjs.org/is-number 2ms (cache hit)
npm http fetch GET 200 https://registry.npmjs.org/p-locate 1ms (cache hit)
npm http fetch GET 200 https://registry.npmjs.org/p-limit 3ms (cache hit)
npm http fetch GET 200 https://registry.npmjs.org/easy-stack 2ms (cache hit)
npm http fetch GET 200 https://registry.npmjs.org/yocto-queue 2ms (cache hit)
npm http fetch GET 200 https://registry.npmjs.org/indent-string 2ms (cache hit)
npm http fetch GET 200 https://registry.npmjs.org/clean-stack 3ms (cache hit)
npm http fetch GET 200 https://registry.npmjs.org/is-arrayish 3ms (cache hit)
npm http fetch GET 200 https://registry.npmjs.org/picocolors 3ms (cache hit)
npm http fetch GET 200 https://registry.npmjs.org/@babel%2fhighlight 3ms (cache hit)
npm http fetch GET 200 https://registry.npmjs.org/js-tokens 3ms (cache hit)
npm http fetch GET 200 https://registry.npmjs.org/@babel%2fhelper-validator-identifier 3ms (cache hit)
npm http fetch GET 200 https://registry.npmjs.org/duplexer 3ms (cache hit)
npm http fetch GET 200 https://registry.npmjs.org/map-stream 4ms (cache hit)
npm http fetch GET 200 https://registry.npmjs.org/from 4ms (cache hit)
npm http fetch GET 200 https://registry.npmjs.org/pause-stream 4ms (cache hit)
npm http fetch GET 200 https://registry.npmjs.org/stream-combiner 3ms (cache hit)
npm http fetch GET 200 https://registry.npmjs.org/split 4ms (cache hit)
npm http fetch GET 200 https://registry.npmjs.org/call-bind 4ms (cache hit)
npm http fetch GET 200 https://registry.npmjs.org/get-intrinsic 4ms (cache hit)
npm http fetch GET 200 https://registry.npmjs.org/es-errors 4ms (cache hit)
npm http fetch GET 200 https://registry.npmjs.org/object-inspect 3ms (cache hit)
npm http fetch GET 200 https://registry.npmjs.org/har-schema 3ms (cache hit)
npm http fetch GET 200 https://registry.npmjs.org/fast-json-stable-stringify 4ms (cache hit)
npm http fetch GET 200 https://registry.npmjs.org/fast-deep-equal 4ms (cache hit)
npm http fetch GET 200 https://registry.npmjs.org/uri-js 4ms (cache hit)
npm http fetch GET 200 https://registry.npmjs.org/json-schema-traverse 5ms (cache hit)
npm http fetch GET 200 https://registry.npmjs.org/set-function-length 4ms (cache hit)
npm http fetch GET 200 https://registry.npmjs.org/es-define-property 7ms (cache hit)
npm http fetch GET 200 https://registry.npmjs.org/has-proto 4ms (cache hit)
npm http fetch GET 200 https://registry.npmjs.org/function-bind 6ms (cache hit)
npm http fetch GET 200 https://registry.npmjs.org/hasown 4ms (cache hit)
npm http fetch GET 200 https://registry.npmjs.org/has-symbols 4ms (cache hit)
npm http fetch GET 200 https://registry.npmjs.org/has-property-descriptors 2ms (cache hit)
npm http fetch GET 200 https://registry.npmjs.org/gopd 3ms (cache hit)
npm http fetch GET 200 https://registry.npmjs.org/define-data-property 3ms (cache hit)
npm http fetch GET 200 https://registry.npmjs.org/axios 3ms (cache hit)
npm http fetch GET 200 https://registry.npmjs.org/joi 4ms (cache hit)
npm http fetch GET 200 https://registry.npmjs.org/wrappy 2ms (cache hit)
npm http fetch GET 200 https://registry.npmjs.org/requires-port 2ms (cache hit)
npm http fetch GET 200 https://registry.npmjs.org/querystringify 3ms (cache hit)
npm http fetch GET 200 https://registry.npmjs.org/cli-boxes 9ms (cache hit)
npm http fetch GET 200 https://registry.npmjs.org/ansi-align 9ms (cache hit)
npm http fetch GET 200 https://registry.npmjs.org/write-file-atomic 9ms (cache hit)
npm http fetch GET 200 https://registry.npmjs.org/package-json 6ms (cache hit)
npm http fetch GET 200 https://registry.npmjs.org/unique-string 9ms (cache hit)
npm http fetch GET 200 https://registry.npmjs.org/widest-line 10ms (cache hit)
npm http fetch GET 200 https://registry.npmjs.org/dot-prop 11ms (cache hit)
npm http fetch GET 200 https://registry.npmjs.org/escape-goat 7ms (cache hit)
npm http fetch GET 200 https://registry.npmjs.org/imurmurhash 4ms (cache hit)
npm http fetch GET 200 https://registry.npmjs.org/is-obj 5ms (cache hit)
npm http fetch GET 200 https://registry.npmjs.org/crypto-random-string 5ms (cache hit)
npm http fetch GET 200 https://registry.npmjs.org/typedarray-to-buffer 4ms (cache hit)
npm http fetch GET 200 https://registry.npmjs.org/registry-url 2ms (cache hit)
npm http fetch GET 200 https://registry.npmjs.org/registry-auth-token 2ms (cache hit)
npm http fetch GET 200 https://registry.npmjs.org/got 3ms (cache hit)
npm http fetch GET 200 https://registry.npmjs.org/duplexer3 10ms (cache hit)
npm http fetch GET 200 https://registry.npmjs.org/@sindresorhus%2fis 9ms (cache hit)
npm http fetch GET 200 https://registry.npmjs.org/lowercase-keys 10ms (cache hit)
npm http fetch GET 200 https://registry.npmjs.org/mimic-response 10ms (cache hit)
npm http fetch GET 200 https://registry.npmjs.org/cacheable-request 10ms (cache hit)
npm http fetch GET 200 https://registry.npmjs.org/decompress-response 10ms (cache hit)
npm http fetch GET 200 https://registry.npmjs.org/url-parse-lax 11ms (cache hit)
npm http fetch GET 200 https://registry.npmjs.org/to-readable-stream 10ms (cache hit)
npm http fetch GET 200 https://registry.npmjs.org/@szmarczak%2fhttp-timer 11ms (cache hit)
npm http fetch GET 200 https://registry.npmjs.org/p-cancelable 12ms (cache hit)
npm http fetch GET 200 https://registry.npmjs.org/rc 10ms (cache hit)
npm http fetch GET 200 https://registry.npmjs.org/rc 10ms (cache hit)
npm http fetch GET 200 https://registry.npmjs.org/defer-to-connect 7ms (cache hit)
npm http fetch GET 200 https://registry.npmjs.org/http-cache-semantics 6ms (cache hit)
npm http fetch GET 200 https://registry.npmjs.org/keyv 7ms (cache hit)
npm http fetch GET 200 https://registry.npmjs.org/clone-response 8ms (cache hit)
npm http fetch GET 200 https://registry.npmjs.org/prepend-http 6ms (cache hit)
npm http fetch GET 200 https://registry.npmjs.org/normalize-url 8ms (cache hit)
npm http fetch GET 200 https://registry.npmjs.org/responselike 8ms (cache hit)
npm http fetch GET 200 https://registry.npmjs.org/json-buffer 2ms (cache hit)
npm http fetch GET 200 https://registry.npmjs.org/deep-extend 2ms (cache hit)
npm http fetch GET 200 https://registry.npmjs.org/@hapi%2ftopo 5ms (cache hit)
npm http fetch GET 200 https://registry.npmjs.org/follow-redirects 6ms (cache hit)
npm http fetch GET 200 https://registry.npmjs.org/@hapi%2fhoek 5ms (cache hit)
npm http fetch GET 200 https://registry.npmjs.org/@sideway%2fpinpoint 6ms (cache hit)
npm http fetch GET 200 https://registry.npmjs.org/@sideway%2faddress 6ms (cache hit)
npm http fetch GET 200 https://registry.npmjs.org/@sideway%2fformula 6ms (cache hit)
npm http fetch GET 200 https://registry.npmjs.org/pend 3ms (cache hit)
npm http fetch GET 200 https://registry.npmjs.org/crc32-stream 1ms (cache hit)
npm http fetch GET 200 https://registry.npmjs.org/crc-32 1ms (cache hit)
npm http fetch GET 200 https://registry.npmjs.org/buffer-alloc-unsafe 5ms (cache hit)
npm http fetch GET 200 https://registry.npmjs.org/buffer-fill 4ms (cache hit)
npm http fetch GET 200 https://registry.npmjs.org/p-try 2ms (cache hit)
npm verb reify failed optional dependency /Users/praveenasokan/Library/CloudStorage/OneDrive-Centrica/Desktop 1/muon/tmpBstackPackages/node_modules/esbuild-windows-arm64
npm verb reify failed optional dependency /Users/praveenasokan/Library/CloudStorage/OneDrive-Centrica/Desktop 1/muon/tmpBstackPackages/node_modules/esbuild-windows-64
npm verb reify failed optional dependency /Users/praveenasokan/Library/CloudStorage/OneDrive-Centrica/Desktop 1/muon/tmpBstackPackages/node_modules/esbuild-windows-32
npm verb reify failed optional dependency /Users/praveenasokan/Library/CloudStorage/OneDrive-Centrica/Desktop 1/muon/tmpBstackPackages/node_modules/esbuild-sunos-64
npm verb reify failed optional dependency /Users/praveenasokan/Library/CloudStorage/OneDrive-Centrica/Desktop 1/muon/tmpBstackPackages/node_modules/esbuild-openbsd-64
npm verb reify failed optional dependency /Users/praveenasokan/Library/CloudStorage/OneDrive-Centrica/Desktop 1/muon/tmpBstackPackages/node_modules/esbuild-netbsd-64
npm verb reify failed optional dependency /Users/praveenasokan/Library/CloudStorage/OneDrive-Centrica/Desktop 1/muon/tmpBstackPackages/node_modules/esbuild-linux-s390x
npm verb reify failed optional dependency /Users/praveenasokan/Library/CloudStorage/OneDrive-Centrica/Desktop 1/muon/tmpBstackPackages/node_modules/esbuild-linux-riscv64
npm verb reify failed optional dependency /Users/praveenasokan/Library/CloudStorage/OneDrive-Centrica/Desktop 1/muon/tmpBstackPackages/node_modules/esbuild-linux-ppc64le
npm verb reify failed optional dependency /Users/praveenasokan/Library/CloudStorage/OneDrive-Centrica/Desktop 1/muon/tmpBstackPackages/node_modules/esbuild-linux-mips64le
npm verb reify failed optional dependency /Users/praveenasokan/Library/CloudStorage/OneDrive-Centrica/Desktop 1/muon/tmpBstackPackages/node_modules/esbuild-linux-arm64
npm verb reify failed optional dependency /Users/praveenasokan/Library/CloudStorage/OneDrive-Centrica/Desktop 1/muon/tmpBstackPackages/node_modules/esbuild-linux-arm
npm verb reify failed optional dependency /Users/praveenasokan/Library/CloudStorage/OneDrive-Centrica/Desktop 1/muon/tmpBstackPackages/node_modules/esbuild-linux-64
npm verb reify failed optional dependency /Users/praveenasokan/Library/CloudStorage/OneDrive-Centrica/Desktop 1/muon/tmpBstackPackages/node_modules/esbuild-linux-32
npm verb reify failed optional dependency /Users/praveenasokan/Library/CloudStorage/OneDrive-Centrica/Desktop 1/muon/tmpBstackPackages/node_modules/esbuild-freebsd-arm64
npm verb reify failed optional dependency /Users/praveenasokan/Library/CloudStorage/OneDrive-Centrica/Desktop 1/muon/tmpBstackPackages/node_modules/esbuild-freebsd-64
npm verb reify failed optional dependency /Users/praveenasokan/Library/CloudStorage/OneDrive-Centrica/Desktop 1/muon/tmpBstackPackages/node_modules/esbuild-darwin-64
npm verb reify failed optional dependency /Users/praveenasokan/Library/CloudStorage/OneDrive-Centrica/Desktop 1/muon/tmpBstackPackages/node_modules/esbuild-android-arm64
npm verb reify failed optional dependency /Users/praveenasokan/Library/CloudStorage/OneDrive-Centrica/Desktop 1/muon/tmpBstackPackages/node_modules/esbuild-android-64
npm verb reify failed optional dependency /Users/praveenasokan/Library/CloudStorage/OneDrive-Centrica/Desktop 1/muon/tmpBstackPackages/node_modules/@esbuild/win32-x64
npm verb reify failed optional dependency /Users/praveenasokan/Library/CloudStorage/OneDrive-Centrica/Desktop 1/muon/tmpBstackPackages/node_modules/@esbuild/win32-ia32
npm verb reify failed optional dependency /Users/praveenasokan/Library/CloudStorage/OneDrive-Centrica/Desktop 1/muon/tmpBstackPackages/node_modules/@esbuild/win32-arm64
npm verb reify failed optional dependency /Users/praveenasokan/Library/CloudStorage/OneDrive-Centrica/Desktop 1/muon/tmpBstackPackages/node_modules/@esbuild/sunos-x64
npm verb reify failed optional dependency /Users/praveenasokan/Library/CloudStorage/OneDrive-Centrica/Desktop 1/muon/tmpBstackPackages/node_modules/@esbuild/openbsd-x64
npm verb reify failed optional dependency /Users/praveenasokan/Library/CloudStorage/OneDrive-Centrica/Desktop 1/muon/tmpBstackPackages/node_modules/@esbuild/netbsd-x64
npm verb reify failed optional dependency /Users/praveenasokan/Library/CloudStorage/OneDrive-Centrica/Desktop 1/muon/tmpBstackPackages/node_modules/@esbuild/linux-x64
npm verb reify failed optional dependency /Users/praveenasokan/Library/CloudStorage/OneDrive-Centrica/Desktop 1/muon/tmpBstackPackages/node_modules/@esbuild/linux-s390x
npm verb reify failed optional dependency /Users/praveenasokan/Library/CloudStorage/OneDrive-Centrica/Desktop 1/muon/tmpBstackPackages/node_modules/@esbuild/linux-riscv64
npm verb reify failed optional dependency /Users/praveenasokan/Library/CloudStorage/OneDrive-Centrica/Desktop 1/muon/tmpBstackPackages/node_modules/@esbuild/linux-ppc64
npm verb reify failed optional dependency /Users/praveenasokan/Library/CloudStorage/OneDrive-Centrica/Desktop 1/muon/tmpBstackPackages/node_modules/@esbuild/linux-mips64el
npm verb reify failed optional dependency /Users/praveenasokan/Library/CloudStorage/OneDrive-Centrica/Desktop 1/muon/tmpBstackPackages/node_modules/@esbuild/linux-loong64
npm verb reify failed optional dependency /Users/praveenasokan/Library/CloudStorage/OneDrive-Centrica/Desktop 1/muon/tmpBstackPackages/node_modules/@esbuild/linux-ia32
npm verb reify failed optional dependency /Users/praveenasokan/Library/CloudStorage/OneDrive-Centrica/Desktop 1/muon/tmpBstackPackages/node_modules/@esbuild/linux-arm64
npm verb reify failed optional dependency /Users/praveenasokan/Library/CloudStorage/OneDrive-Centrica/Desktop 1/muon/tmpBstackPackages/node_modules/@esbuild/linux-arm
npm verb reify failed optional dependency /Users/praveenasokan/Library/CloudStorage/OneDrive-Centrica/Desktop 1/muon/tmpBstackPackages/node_modules/@esbuild/freebsd-x64
npm verb reify failed optional dependency /Users/praveenasokan/Library/CloudStorage/OneDrive-Centrica/Desktop 1/muon/tmpBstackPackages/node_modules/@esbuild/freebsd-arm64
npm verb reify failed optional dependency /Users/praveenasokan/Library/CloudStorage/OneDrive-Centrica/Desktop 1/muon/tmpBstackPackages/node_modules/@esbuild/darwin-x64
npm verb reify failed optional dependency /Users/praveenasokan/Library/CloudStorage/OneDrive-Centrica/Desktop 1/muon/tmpBstackPackages/node_modules/@esbuild/android-x64
npm verb reify failed optional dependency /Users/praveenasokan/Library/CloudStorage/OneDrive-Centrica/Desktop 1/muon/tmpBstackPackages/node_modules/@esbuild/android-arm64
npm verb reify failed optional dependency /Users/praveenasokan/Library/CloudStorage/OneDrive-Centrica/Desktop 1/muon/tmpBstackPackages/node_modules/@esbuild/android-arm
npm verb reify failed optional dependency /Users/praveenasokan/Library/CloudStorage/OneDrive-Centrica/Desktop 1/muon/tmpBstackPackages/node_modules/@badeball/cypress-configuration/node_modules/@esbuild/linux-loong64
npm http fetch POST 200 https://registry.npmjs.org/-/npm/v1/security/advisories/bulk 503ms
npm WARN deprecated inflight@1.0.6: This module is not supported, and leaks memory. Do not use it. Check out lru-cache if you want a good and tested way to coalesce async requests by a key value, which is much more comprehensive and powerful.
npm WARN deprecated rimraf@2.5.4: Rimraf versions prior to v4 are no longer supported
npm WARN deprecated har-validator@5.1.5: this library is no longer supported
npm WARN deprecated glob@7.2.3: Glob versions prior to v9 are no longer supported
npm WARN deprecated glob@7.2.3: Glob versions prior to v9 are no longer supported
npm WARN deprecated glob@7.2.3: Glob versions prior to v9 are no longer supported
npm WARN deprecated glob@7.2.3: Glob versions prior to v9 are no longer supported
npm WARN deprecated glob@8.1.0: Glob versions prior to v9 are no longer supported
npm WARN deprecated glob@7.2.3: Glob versions prior to v9 are no longer supported
npm WARN deprecated uuid@3.4.0: Please upgrade  to version 7 or higher.  Older versions may use Math.random() in certain circumstances, which is known to be problematic.  See https://v8.dev/blog/math-random for details.
npm WARN deprecated request@2.88.2: request has been deprecated, see https://github.com/request/request/issues/3142
npm info run cypress@12.17.4 postinstall node_modules/cypress node index.js --exec install
npm info run esbuild@0.17.19 postinstall node_modules/esbuild node install.js
npm info run esbuild@0.14.54 postinstall node_modules/@badeball/cypress-configuration/node_modules/esbuild node install.js
npm info run cypress@12.17.4 postinstall { code: 0, signal: null }
npm info run esbuild@0.17.19 postinstall { code: 0, signal: null }
npm info run esbuild@0.14.54 postinstall { code: 0, signal: null }

added 542 packages, and audited 543 packages in 3s

72 packages are looking for funding
  run `npm fund` for details

12 moderate severity vulnerabilities

To address all issues (including breaking changes), run:
  npm audit fix --force

Run `npm audit` for details.
npm verb exit 0
npm info ok 
